TN:
SF:controllers\auth.js
FN:3,(anonymous_0)
FN:28,(anonymous_1)
FN:70,(anonymous_2)
FN:85,(anonymous_3)
FN:96,(anonymous_4)
FNF:5
FNH:5
FNDA:4,(anonymous_0)
FNDA:8,(anonymous_1)
FNDA:1,(anonymous_2)
FNDA:2,(anonymous_3)
FNDA:4,(anonymous_4)
DA:1,1
DA:3,1
DA:4,4
DA:5,4
DA:8,4
DA:16,2
DA:19,2
DA:20,2
DA:28,1
DA:29,8
DA:30,8
DA:33,8
DA:34,2
DA:41,6
DA:43,5
DA:44,1
DA:51,4
DA:53,3
DA:54,1
DA:61,2
DA:63,2
DA:70,1
DA:71,1
DA:76,1
DA:85,1
DA:86,2
DA:88,2
DA:96,1
DA:98,4
DA:100,4
DA:107,4
DA:108,2
DA:111,4
LF:33
LH:33
BRDA:33,0,0,2
BRDA:33,0,1,6
BRDA:33,1,0,8
BRDA:33,1,1,7
BRDA:43,2,0,1
BRDA:43,2,1,4
BRDA:53,3,0,1
BRDA:53,3,1,2
BRDA:107,4,0,2
BRDA:107,4,1,2
BRF:10
BRH:10
end_of_record
TN:
SF:controllers\comments.js
FN:6,(anonymous_0)
FN:33,(anonymous_1)
FN:57,(anonymous_2)
FN:90,(anonymous_3)
FN:137,(anonymous_4)
FN:176,(anonymous_5)
FN:211,(anonymous_6)
FN:243,(anonymous_7)
FN:282,(anonymous_8)
FNF:9
FNH:9
FNDA:4,(anonymous_0)
FNDA:3,(anonymous_1)
FNDA:3,(anonymous_2)
FNDA:6,(anonymous_3)
FNDA:5,(anonymous_4)
FNDA:5,(anonymous_5)
FNDA:3,(anonymous_6)
FNDA:4,(anonymous_7)
FNDA:3,(anonymous_8)
DA:1,1
DA:2,1
DA:3,1
DA:6,1
DA:7,4
DA:10,4
DA:12,4
DA:13,1
DA:20,3
DA:29,3
DA:32,3
DA:34,3
DA:38,2
DA:42,2
DA:48,2
DA:49,2
DA:57,1
DA:58,3
DA:59,3
DA:69,2
DA:70,1
DA:76,1
DA:81,1
DA:82,1
DA:90,1
DA:91,6
DA:92,1
DA:98,5
DA:99,5
DA:101,4
DA:102,1
DA:109,3
DA:110,3
DA:111,1
DA:117,2
DA:118,2
DA:120,2
DA:121,2
DA:123,2
DA:128,1
DA:129,1
DA:137,1
DA:138,5
DA:139,5
DA:141,4
DA:142,1
DA:148,3
DA:149,1
DA:155,2
DA:160,2
DA:162,2
DA:167,1
DA:168,1
DA:176,1
DA:177,5
DA:178,5
DA:180,4
DA:181,1
DA:187,3
DA:188,1
DA:194,2
DA:196,2
DA:198,2
DA:203,1
DA:204,1
DA:211,1
DA:212,3
DA:213,3
DA:215,2
DA:216,1
DA:222,1
DA:223,1
DA:225,1
DA:227,1
DA:232,1
DA:233,1
DA:243,1
DA:244,4
DA:245,4
DA:247,3
DA:248,1
DA:254,2
DA:255,1
DA:261,1
DA:262,1
DA:264,1
DA:270,1
DA:271,1
DA:282,1
DA:283,3
DA:284,3
DA:286,2
DA:287,1
DA:293,1
DA:294,1
DA:296,1
DA:302,1
DA:303,1
LF:98
LH:98
BRDA:12,0,0,1
BRDA:12,0,1,3
BRDA:69,1,0,1
BRDA:69,1,1,1
BRDA:91,2,0,1
BRDA:91,2,1,5
BRDA:101,3,0,1
BRDA:101,3,1,3
BRDA:110,4,0,1
BRDA:110,4,1,2
BRDA:110,5,0,3
BRDA:110,5,1,2
BRDA:141,6,0,1
BRDA:141,6,1,3
BRDA:148,7,0,1
BRDA:148,7,1,2
BRDA:148,8,0,3
BRDA:148,8,1,2
BRDA:180,9,0,1
BRDA:180,9,1,3
BRDA:187,10,0,1
BRDA:187,10,1,2
BRDA:187,11,0,3
BRDA:187,11,1,2
BRDA:215,12,0,1
BRDA:215,12,1,1
BRDA:247,13,0,1
BRDA:247,13,1,2
BRDA:254,14,0,1
BRDA:254,14,1,1
BRDA:286,15,0,1
BRDA:286,15,1,1
BRF:32
BRH:32
end_of_record
TN:
SF:controllers\coworkingSpace.js
FN:4,(anonymous_0)
FN:9,(anonymous_1)
FN:13,(anonymous_2)
FN:70,(anonymous_3)
FN:92,(anonymous_4)
FN:97,(anonymous_5)
FN:114,(anonymous_6)
FNF:7
FNH:6
FNDA:7,(anonymous_0)
FNDA:28,(anonymous_1)
FNDA:0,(anonymous_2)
FNDA:3,(anonymous_3)
FNDA:2,(anonymous_4)
FNDA:3,(anonymous_5)
FNDA:4,(anonymous_6)
DA:1,1
DA:2,1
DA:4,1
DA:7,7
DA:8,7
DA:9,28
DA:10,7
DA:12,7
DA:13,7
DA:15,7
DA:25,7
DA:26,1
DA:27,1
DA:30,7
DA:31,1
DA:32,1
DA:34,6
DA:37,7
DA:40,7
DA:41,7
DA:42,7
DA:43,7
DA:44,7
DA:46,6
DA:49,6
DA:52,5
DA:53,5
DA:54,2
DA:56,5
DA:57,1
DA:60,5
DA:66,2
DA:70,1
DA:71,3
DA:72,3
DA:82,2
DA:83,1
DA:86,1
DA:88,1
DA:92,1
DA:93,2
DA:94,1
DA:97,1
DA:98,3
DA:99,3
DA:104,2
DA:105,1
DA:108,1
DA:110,1
DA:114,1
DA:115,4
DA:116,4
DA:118,3
DA:119,1
DA:122,2
DA:123,1
DA:125,1
DA:127,2
LF:58
LH:58
BRDA:25,0,0,1
BRDA:25,0,1,6
BRDA:30,1,0,1
BRDA:30,1,1,6
BRDA:40,2,0,7
BRDA:40,2,1,5
BRDA:41,3,0,7
BRDA:41,3,1,5
BRDA:53,4,0,2
BRDA:53,4,1,3
BRDA:56,5,0,1
BRDA:56,5,1,4
BRDA:82,6,0,1
BRDA:82,6,1,1
BRDA:104,7,0,1
BRDA:104,7,1,1
BRDA:118,8,0,1
BRDA:118,8,1,2
BRF:18
BRH:18
end_of_record
TN:
SF:controllers\customEmojis.js
FN:5,(anonymous_0)
FN:6,(anonymous_1)
FN:17,(anonymous_2)
FN:30,(anonymous_3)
FN:71,(anonymous_4)
FN:90,(anonymous_5)
FN:135,(anonymous_6)
FNF:7
FNH:7
FNDA:3,(anonymous_0)
FNDA:3,(anonymous_1)
FNDA:3,(anonymous_2)
FNDA:5,(anonymous_3)
FNDA:2,(anonymous_4)
FNDA:7,(anonymous_5)
FNDA:2,(anonymous_6)
DA:1,1
DA:2,1
DA:3,1
DA:5,1
DA:6,3
DA:7,3
DA:18,3
DA:19,1
DA:22,2
DA:26,3
DA:30,1
DA:31,5
DA:32,5
DA:33,1
DA:39,4
DA:40,1
DA:46,3
DA:48,2
DA:57,1
DA:62,2
DA:64,2
DA:71,1
DA:72,2
DA:73,2
DA:77,1
DA:83,1
DA:90,1
DA:91,7
DA:92,7
DA:94,6
DA:95,1
DA:101,5
DA:102,1
DA:108,4
DA:112,3
DA:113,2
DA:116,3
DA:118,3
DA:124,2
DA:126,2
DA:135,1
DA:136,2
DA:137,2
DA:143,1
DA:149,1
DA:151,1
LF:46
LH:46
BRDA:18,0,0,1
BRDA:18,0,1,2
BRDA:32,1,0,1
BRDA:32,1,1,4
BRDA:39,2,0,1
BRDA:39,2,1,3
BRDA:94,3,0,1
BRDA:94,3,1,5
BRDA:101,4,0,1
BRDA:101,4,1,4
BRDA:101,5,0,5
BRDA:101,5,1,2
BRDA:112,6,0,2
BRDA:112,6,1,1
BRF:14
BRH:14
end_of_record
TN:
SF:controllers\reactions.js
FN:5,(anonymous_0)
FN:27,(anonymous_1)
FNF:2
FNH:2
FNDA:3,(anonymous_0)
FNDA:11,(anonymous_1)
DA:1,1
DA:2,1
DA:3,1
DA:5,1
DA:6,3
DA:7,3
DA:14,2
DA:20,1
DA:27,1
DA:28,11
DA:29,11
DA:31,11
DA:33,10
DA:34,1
DA:40,9
DA:41,2
DA:47,7
DA:48,5
DA:49,1
DA:55,4
DA:57,4
DA:58,2
DA:65,4
DA:71,4
DA:72,2
DA:74,2
DA:81,2
DA:89,2
DA:95,1
DA:97,1
LF:30
LH:30
BRDA:33,0,0,1
BRDA:33,0,1,9
BRDA:40,1,0,2
BRDA:40,1,1,7
BRDA:40,2,0,9
BRDA:40,2,1,8
BRDA:47,3,0,5
BRDA:47,3,1,2
BRDA:48,4,0,1
BRDA:48,4,1,4
BRDA:57,5,0,2
BRDA:57,5,1,2
BRDA:57,6,0,4
BRDA:57,6,1,3
BRDA:71,7,0,2
BRDA:71,7,1,2
BRDA:86,8,0,1
BRDA:86,8,1,1
BRF:18
BRH:18
end_of_record
TN:
SF:controllers\reservations.js
FN:7,(anonymous_0)
FN:53,(anonymous_1)
FN:91,(anonymous_2)
FN:149,(anonymous_3)
FN:196,(anonymous_4)
FNF:5
FNH:5
FNDA:4,(anonymous_0)
FNDA:5,(anonymous_1)
FNDA:6,(anonymous_2)
FNDA:5,(anonymous_3)
FNDA:5,(anonymous_4)
DA:1,1
DA:2,1
DA:7,1
DA:10,4
DA:12,4
DA:13,2
DA:19,2
DA:20,1
DA:26,1
DA:33,3
DA:35,3
DA:42,1
DA:43,1
DA:53,1
DA:54,5
DA:55,5
DA:60,4
DA:61,1
DA:68,3
DA:69,1
DA:75,2
DA:80,1
DA:81,1
DA:91,1
DA:93,6
DA:94,1
DA:100,5
DA:102,5
DA:106,5
DA:108,4
DA:109,1
DA:116,3
DA:119,3
DA:122,3
DA:123,1
DA:130,2
DA:132,2
DA:138,1
DA:139,1
DA:149,1
DA:150,5
DA:151,5
DA:154,4
DA:155,1
DA:162,3
DA:163,1
DA:170,2
DA:179,2
DA:185,1
DA:186,1
DA:196,1
DA:197,5
DA:198,5
DA:201,4
DA:202,1
DA:209,3
DA:210,1
DA:217,2
DA:219,2
DA:225,1
DA:226,1
LF:61
LH:61
BRDA:12,0,0,2
BRDA:12,0,1,2
BRDA:19,1,0,1
BRDA:19,1,1,1
BRDA:60,2,0,1
BRDA:60,2,1,3
BRDA:68,3,0,1
BRDA:68,3,1,2
BRDA:68,4,0,3
BRDA:68,4,1,2
BRDA:93,5,0,1
BRDA:93,5,1,5
BRDA:108,6,0,1
BRDA:108,6,1,3
BRDA:122,7,0,1
BRDA:122,7,1,2
BRDA:122,8,0,3
BRDA:122,8,1,2
BRDA:154,9,0,1
BRDA:154,9,1,3
BRDA:162,10,0,1
BRDA:162,10,1,2
BRDA:162,11,0,3
BRDA:162,11,1,2
BRDA:201,12,0,1
BRDA:201,12,1,3
BRDA:209,13,0,1
BRDA:209,13,1,2
BRDA:209,14,0,3
BRDA:209,14,1,2
BRF:30
BRH:30
end_of_record
TN:
SF:middleware\auth.js
FN:5,(anonymous_0)
FN:49,(anonymous_1)
FN:50,(anonymous_2)
FNF:3
FNH:3
FNDA:7,(anonymous_0)
FNDA:4,(anonymous_1)
FNDA:4,(anonymous_2)
DA:1,1
DA:2,1
DA:5,1
DA:8,7
DA:12,5
DA:16,7
DA:17,3
DA:23,4
DA:25,4
DA:27,3
DA:29,3
DA:30,2
DA:31,1
DA:37,1
DA:39,2
DA:40,2
DA:49,1
DA:50,4
DA:51,4
DA:52,2
DA:57,2
LF:21
LH:21
BRDA:8,0,0,5
BRDA:8,0,1,2
BRDA:9,1,0,7
BRDA:9,1,1,6
BRDA:16,2,0,3
BRDA:16,2,1,4
BRDA:16,3,0,7
BRDA:16,3,1,5
BRDA:30,4,0,1
BRDA:30,4,1,1
BRDA:51,5,0,2
BRDA:51,5,1,2
BRF:12
BRH:12
end_of_record
TN:
SF:middleware\upload.js
FN:5,(anonymous_0)
FNF:1
FNH:1
FNDA:3,(anonymous_0)
DA:1,1
DA:3,1
DA:5,1
DA:6,3
DA:7,2
DA:9,1
DA:13,1
DA:21,1
DA:24,1
DA:25,1
LF:10
LH:10
BRDA:6,0,0,2
BRDA:6,0,1,1
BRF:2
BRH:2
end_of_record
TN:
SF:models\Comment.js
FN:41,(anonymous_0)
FNF:1
FNH:1
FNDA:2,(anonymous_0)
DA:1,3
DA:3,3
DA:41,3
DA:42,2
DA:55,2
DA:56,1
DA:61,1
DA:68,3
DA:70,3
LF:9
LH:9
BRDA:55,0,0,1
BRDA:55,0,1,1
BRF:2
BRH:2
end_of_record
TN:
SF:models\CoworkingSpace.js
FNF:0
FNH:0
DA:1,3
DA:3,3
DA:50,3
DA:57,3
DA:64,3
LF:5
LH:5
BRF:0
BRH:0
end_of_record
TN:
SF:models\CustomEmoji.js
FNF:0
FNH:0
DA:1,2
DA:3,2
DA:49,2
LF:3
LH:3
BRF:0
BRH:0
end_of_record
TN:
SF:models\Reaction.js
FNF:0
FNH:0
DA:1,3
DA:3,3
DA:44,3
DA:49,3
LF:4
LH:4
BRF:0
BRH:0
end_of_record
TN:
SF:models\Reservation.js
FNF:0
FNH:0
DA:1,2
DA:3,2
DA:32,2
LF:3
LH:3
BRF:0
BRH:0
end_of_record
TN:
SF:models\User.js
FN:49,(anonymous_0)
FN:57,(anonymous_1)
FN:63,(anonymous_2)
FNF:3
FNH:3
FNDA:2,(anonymous_0)
FNDA:1,(anonymous_1)
FNDA:2,(anonymous_2)
DA:1,4
DA:2,4
DA:3,4
DA:5,4
DA:49,4
DA:50,2
DA:51,1
DA:53,1
DA:54,1
DA:57,4
DA:58,1
DA:63,4
DA:64,2
DA:67,4
LF:14
LH:14
BRDA:50,0,0,1
BRDA:50,0,1,1
BRF:2
BRH:2
end_of_record
